save
centerInfo:[322.347382,550.655396]:[255.137955,112.315102]
centerInfo:[1008.500000,539.500000]:[158.999969,274.999939]
centerInfo:[665.000000,556.500000]:[210.999969,229.999969]
centerInfo:[652.517944,120.039520]:[140.592621,157.231186]
centerInfo:[1008.943909,265.709229]:[410.045197,224.348312]
centerInfo:[318.743500,257.553345]:[212.514008,402.679871]
test centerInfo:[318.743500,257.553345]:[212.514008,402.679871] ->0.000000,257.5533450.000000,257.5533450.000000,257.5533450.000000,257.553345
test centerInfo:[322.347382,550.655396]:[255.137955,112.315102] ->0.000000,550.6553960.000000,550.6553960.000000,550.6553960.000000,550.655396
test centerInfo:[652.517944,120.039520]:[140.592621,157.231186] ->0.000000,120.0395200.000000,120.0395200.000000,120.0395200.000000,120.039520
test centerInfo:[665.000000,556.500000]:[210.999969,229.999969] ->0.000000,556.5000000.000000,556.5000000.000000,556.5000000.000000,556.500000
test centerInfo:[1008.500000,539.500000]:[158.999969,274.999939] ->0.000000,539.5000000.000000,539.5000000.000000,539.5000000.000000,539.500000
test centerInfo:[1008.943909,265.709229]:[410.045197,224.348312] ->0.000000,265.7092290.000000,265.7092290.000000,265.7092290.000000,265.709229
./images/Source1_1.bmp
after centerInfo:[318.743500,257.553345]:[212.514008,402.679871]
./images/Source1_2.bmp
after centerInfo:[322.347382,550.655396]:[255.137955,112.315102]
./images/Source1_3.bmp
after centerInfo:[652.517944,120.039520]:[140.592621,157.231186]
./images/Source1_4.bmp
after centerInfo:[665.000000,556.500000]:[210.999969,229.999969]
./images/Source1_5.bmp
after centerInfo:[1008.500000,539.500000]:[158.999969,274.999939]
./images/Source1_6.bmp
after centerInfo:[1008.943909,265.709229]:[410.045197,224.348312]
5
